[debug] [2021-08-31T04:29:32.790Z] ----------------------------------------------------------------------
[debug] [2021-08-31T04:29:32.792Z] Command:       /Users/sean/.nvm/versions/node/v10.16.0/bin/node /Users/sean/.nvm/versions/node/v10.16.0/bin/firebase deploy
[debug] [2021-08-31T04:29:32.793Z] CLI Version:   9.16.6
[debug] [2021-08-31T04:29:32.793Z] Platform:      darwin
[debug] [2021-08-31T04:29:32.793Z] Node Version:  v10.16.0
[debug] [2021-08-31T04:29:32.798Z] Time:          Mon Aug 30 2021 21:29:32 GMT-0700 (Pacific Daylight Time)
[debug] [2021-08-31T04:29:32.798Z] ----------------------------------------------------------------------
[debug] 
[debug] [2021-08-31T04:29:32.860Z] > command requires scopes: ["email","openid","https://www.googleapis.com/auth/cloudplatformprojects.readonly","https://www.googleapis.com/auth/firebase","https://www.googleapis.com/auth/cloud-platform"]
[debug] [2021-08-31T04:29:32.860Z] > authorizing via signed-in user (sean.king0811@gmail.com)
[debug] [2021-08-31T04:29:32.860Z] [iam] checking project jams-b177f for permissions ["cloudfunctions.functions.create","cloudfunctions.functions.delete","cloudfunctions.functions.get","cloudfunctions.functions.list","cloudfunctions.functions.update","cloudfunctions.operations.get","firebase.projects.get","firebasehosting.sites.update"]
[debug] [2021-08-31T04:29:32.863Z] > refreshing access token with scopes: ["email","https://www.googleapis.com/auth/cloud-platform","https://www.googleapis.com/auth/cloudplatformprojects.readonly","https://www.googleapis.com/auth/firebase","openid"]
[debug] [2021-08-31T04:29:32.863Z] >>> HTTP REQUEST POST https://www.googleapis.com/oauth2/v3/token  
 <request body omitted>
[debug] [2021-08-31T04:29:33.196Z] <<< HTTP RESPONSE 200 {"date":"Tue, 31 Aug 2021 04:29:33 GMT","pragma":"no-cache","expires":"Mon, 01 Jan 1990 00:00:00 GMT","cache-control":"no-cache, no-store, max-age=0, must-revalidate","content-type":"application/json; charset=utf-8","vary":"X-Origin, Referer, Origin,Accept-Encoding","server":"scaffolding on HTTPServer2","x-xss-protection":"0","x-frame-options":"SAMEORIGIN","x-content-type-options":"nosniff","alt-svc":"h3=\":443\"; ma=2592000,h3-29=\":443\"; ma=2592000,h3-T051=\":443\"; ma=2592000,h3-Q050=\":443\"; ma=2592000,h3-Q046=\":443\"; ma=2592000,h3-Q043=\":443\"; ma=2592000,quic=\":443\"; ma=2592000; v=\"46,43\"","accept-ranges":"none","transfer-encoding":"chunked"}
[debug] [2021-08-31T04:29:33.247Z] >>> HTTP REQUEST POST https://cloudresourcemanager.googleapis.com/v1/projects/jams-b177f:testIamPermissions  
 {"permissions":["cloudfunctions.functions.create","cloudfunctions.functions.delete","cloudfunctions.functions.get","cloudfunctions.functions.list","cloudfunctions.functions.update","cloudfunctions.operations.get","firebase.projects.get","firebasehosting.sites.update"]}
[debug] [2021-08-31T04:29:33.646Z] <<< HTTP RESPONSE 200 {"content-type":"application/json; charset=UTF-8","vary":"X-Origin, Referer, Origin,Accept-Encoding","date":"Tue, 31 Aug 2021 04:29:33 GMT","server":"ESF","cache-control":"private","x-xss-protection":"0","x-frame-options":"SAMEORIGIN","x-content-type-options":"nosniff","server-timing":"gfet4t7; dur=95","alt-svc":"h3=\":443\"; ma=2592000,h3-29=\":443\"; ma=2592000,h3-T051=\":443\"; ma=2592000,h3-Q050=\":443\"; ma=2592000,h3-Q046=\":443\"; ma=2592000,h3-Q043=\":443\"; ma=2592000,quic=\":443\"; ma=2592000; v=\"46,43\"","accept-ranges":"none","transfer-encoding":"chunked"}
[debug] [2021-08-31T04:29:33.647Z] >>> HTTP REQUEST POST https://iam.googleapis.com/v1/projects/jams-b177f/serviceAccounts/jams-b177f@appspot.gserviceaccount.com:testIamPermissions  
 {"permissions":["iam.serviceAccounts.actAs"]}
[debug] [2021-08-31T04:29:34.008Z] <<< HTTP RESPONSE 200 {"content-type":"application/json; charset=UTF-8","vary":"X-Origin, Referer, Origin,Accept-Encoding","date":"Tue, 31 Aug 2021 04:29:33 GMT","server":"ESF","cache-control":"private","x-xss-protection":"0","x-frame-options":"SAMEORIGIN","x-content-type-options":"nosniff","alt-svc":"h3=\":443\"; ma=2592000,h3-29=\":443\"; ma=2592000,h3-T051=\":443\"; ma=2592000,h3-Q050=\":443\"; ma=2592000,h3-Q046=\":443\"; ma=2592000,h3-Q043=\":443\"; ma=2592000,quic=\":443\"; ma=2592000; v=\"46,43\"","accept-ranges":"none","transfer-encoding":"chunked"}
[debug] [2021-08-31T04:29:34.010Z] > refreshing access token with scopes: []
[debug] [2021-08-31T04:29:34.010Z] >>> HTTP REQUEST POST https://www.googleapis.com/oauth2/v3/token  
 <request body omitted>
[debug] [2021-08-31T04:29:34.228Z] <<< HTTP RESPONSE 200 {"cache-control":"no-cache, no-store, max-age=0, must-revalidate","pragma":"no-cache","date":"Tue, 31 Aug 2021 04:29:34 GMT","expires":"Mon, 01 Jan 1990 00:00:00 GMT","content-type":"application/json; charset=utf-8","vary":"X-Origin, Referer, Origin,Accept-Encoding","server":"scaffolding on HTTPServer2","x-xss-protection":"0","x-frame-options":"SAMEORIGIN","x-content-type-options":"nosniff","alt-svc":"h3=\":443\"; ma=2592000,h3-29=\":443\"; ma=2592000,h3-T051=\":443\"; ma=2592000,h3-Q050=\":443\"; ma=2592000,h3-Q046=\":443\"; ma=2592000,h3-Q043=\":443\"; ma=2592000,quic=\":443\"; ma=2592000; v=\"46,43\"","accept-ranges":"none","transfer-encoding":"chunked"}
[debug] [2021-08-31T04:29:34.291Z] >>> [apiv2][query] GET https://firebase.googleapis.com/v1beta1/projects/jams-b177f [none]
[debug] [2021-08-31T04:29:34.749Z] <<< [apiv2][status] GET https://firebase.googleapis.com/v1beta1/projects/jams-b177f 200
[debug] [2021-08-31T04:29:34.749Z] <<< [apiv2][body] GET https://firebase.googleapis.com/v1beta1/projects/jams-b177f {"projectId":"jams-b177f","projectNumber":"306858802763","displayName":"jams","name":"projects/jams-b177f","resources":{"hostingSite":"jams-b177f","realtimeDatabaseInstance":"jams-b177f","storageBucket":"jams-b177f.appspot.com","locationId":"us-central"},"state":"ACTIVE"}
[info] 
[info] === Deploying to 'jams-b177f'...
[info] 
[info] i  deploying functions, hosting 
[info] Running command: npm --prefix "$RESOURCE_DIR" run lint
[info] ✔  functions: Finished running predeploy script. 
[debug] [2021-08-31T04:29:37.861Z] Validating nodejs source
[warn] ⚠  functions: package.json indicates an outdated version of firebase-functions.
Please upgrade using npm install --save firebase-functions@latest in your functions directory. 
[debug] [2021-08-31T04:29:39.823Z] > [functions] package.json contents: {
  "name": "functions",
  "description": "Cloud Functions for Firebase",
  "scripts": {
    "lint": "eslint .",
    "serve": "firebase serve --only functions",
    "shell": "firebase functions:shell",
    "start": "npm run shell",
    "deploy": "firebase deploy --only functions",
    "logs": "firebase functions:log"
  },
  "engines": {
    "node": "10"
  },
  "dependencies": {
    "cheerio": "^1.0.0-rc.10",
    "express": "^4.17.1",
    "firebase-admin": "^8.0.0",
    "firebase-functions": "^3.1.0",
    "node-fetch": "^2.6.1"
  },
  "devDependencies": {
    "eslint": "^5.12.0",
    "eslint-plugin-promise": "^4.0.1",
    "firebase-functions-test": "^0.1.6"
  },
  "private": true
}
[debug] [2021-08-31T04:29:39.823Z] Building nodejs source
[info] i  functions: ensuring required API cloudfunctions.googleapis.com is enabled... 
[debug] [2021-08-31T04:29:39.825Z] > refreshing access token with scopes: ["email","https://www.googleapis.com/auth/cloud-platform","https://www.googleapis.com/auth/cloudplatformprojects.readonly","https://www.googleapis.com/auth/firebase","openid"]
[debug] [2021-08-31T04:29:39.825Z] >>> HTTP REQUEST POST https://www.googleapis.com/oauth2/v3/token  
 <request body omitted>
[debug] [2021-08-31T04:29:39.826Z] > refreshing access token with scopes: ["email","https://www.googleapis.com/auth/cloud-platform","https://www.googleapis.com/auth/cloudplatformprojects.readonly","https://www.googleapis.com/auth/firebase","openid"]
[debug] [2021-08-31T04:29:39.826Z] >>> HTTP REQUEST POST https://www.googleapis.com/oauth2/v3/token  
 <request body omitted>
[info] i  functions: ensuring required API cloudbuild.googleapis.com is enabled... 
[debug] [2021-08-31T04:29:39.827Z] > refreshing access token with scopes: ["email","https://www.googleapis.com/auth/cloud-platform","https://www.googleapis.com/auth/cloudplatformprojects.readonly","https://www.googleapis.com/auth/firebase","openid"]
[debug] [2021-08-31T04:29:39.827Z] >>> HTTP REQUEST POST https://www.googleapis.com/oauth2/v3/token  
 <request body omitted>
[debug] [2021-08-31T04:29:40.046Z] <<< HTTP RESPONSE 200 {"cache-control":"no-cache, no-store, max-age=0, must-revalidate","pragma":"no-cache","expires":"Mon, 01 Jan 1990 00:00:00 GMT","date":"Tue, 31 Aug 2021 04:29:40 GMT","content-type":"application/json; charset=utf-8","vary":"X-Origin, Referer, Origin,Accept-Encoding","server":"scaffolding on HTTPServer2","x-xss-protection":"0","x-frame-options":"SAMEORIGIN","x-content-type-options":"nosniff","alt-svc":"h3=\":443\"; ma=2592000,h3-29=\":443\"; ma=2592000,h3-T051=\":443\"; ma=2592000,h3-Q050=\":443\"; ma=2592000,h3-Q046=\":443\"; ma=2592000,h3-Q043=\":443\"; ma=2592000,quic=\":443\"; ma=2592000; v=\"46,43\"","accept-ranges":"none","transfer-encoding":"chunked"}
[debug] [2021-08-31T04:29:40.093Z] >>> HTTP REQUEST GET https://serviceusage.googleapis.com/v1/projects/jams-b177f/services/cloudfunctions.googleapis.com  
 
[debug] [2021-08-31T04:29:40.096Z] <<< HTTP RESPONSE 200 {"expires":"Mon, 01 Jan 1990 00:00:00 GMT","cache-control":"no-cache, no-store, max-age=0, must-revalidate","pragma":"no-cache","date":"Tue, 31 Aug 2021 04:29:40 GMT","content-type":"application/json; charset=utf-8","vary":"X-Origin, Referer, Origin,Accept-Encoding","server":"scaffolding on HTTPServer2","x-xss-protection":"0","x-frame-options":"SAMEORIGIN","x-content-type-options":"nosniff","alt-svc":"h3=\":443\"; ma=2592000,h3-29=\":443\"; ma=2592000,h3-T051=\":443\"; ma=2592000,h3-Q050=\":443\"; ma=2592000,h3-Q046=\":443\"; ma=2592000,h3-Q043=\":443\"; ma=2592000,quic=\":443\"; ma=2592000; v=\"46,43\"","accept-ranges":"none","transfer-encoding":"chunked"}
[debug] [2021-08-31T04:29:40.141Z] >>> HTTP REQUEST GET https://serviceusage.googleapis.com/v1/projects/jams-b177f/services/cloudbuild.googleapis.com  
 
[debug] [2021-08-31T04:29:40.143Z] <<< HTTP RESPONSE 200 {"date":"Tue, 31 Aug 2021 04:29:40 GMT","expires":"Mon, 01 Jan 1990 00:00:00 GMT","pragma":"no-cache","cache-control":"no-cache, no-store, max-age=0, must-revalidate","content-type":"application/json; charset=utf-8","vary":"X-Origin, Referer, Origin,Accept-Encoding","server":"scaffolding on HTTPServer2","x-xss-protection":"0","x-frame-options":"SAMEORIGIN","x-content-type-options":"nosniff","alt-svc":"h3=\":443\"; ma=2592000,h3-29=\":443\"; ma=2592000,h3-T051=\":443\"; ma=2592000,h3-Q050=\":443\"; ma=2592000,h3-Q046=\":443\"; ma=2592000,h3-Q043=\":443\"; ma=2592000,quic=\":443\"; ma=2592000; v=\"46,43\"","accept-ranges":"none","transfer-encoding":"chunked"}
[debug] [2021-08-31T04:29:40.190Z] >>> HTTP REQUEST GET https://serviceusage.googleapis.com/v1/projects/jams-b177f/services/runtimeconfig.googleapis.com  
 
[debug] [2021-08-31T04:29:40.749Z] <<< HTTP RESPONSE 200 {"content-type":"application/json; charset=UTF-8","vary":"X-Origin, Referer, Origin,Accept-Encoding","date":"Tue, 31 Aug 2021 04:29:40 GMT","server":"ESF","cache-control":"private","x-xss-protection":"0","x-frame-options":"SAMEORIGIN","x-content-type-options":"nosniff","alt-svc":"h3=\":443\"; ma=2592000,h3-29=\":443\"; ma=2592000,h3-T051=\":443\"; ma=2592000,h3-Q050=\":443\"; ma=2592000,h3-Q046=\":443\"; ma=2592000,h3-Q043=\":443\"; ma=2592000,quic=\":443\"; ma=2592000; v=\"46,43\"","accept-ranges":"none","transfer-encoding":"chunked"}
[debug] [2021-08-31T04:29:40.838Z] <<< HTTP RESPONSE 200 {"content-type":"application/json; charset=UTF-8","vary":"X-Origin, Referer, Origin,Accept-Encoding","date":"Tue, 31 Aug 2021 04:29:40 GMT","server":"ESF","cache-control":"private","x-xss-protection":"0","x-frame-options":"SAMEORIGIN","x-content-type-options":"nosniff","alt-svc":"h3=\":443\"; ma=2592000,h3-29=\":443\"; ma=2592000,h3-T051=\":443\"; ma=2592000,h3-Q050=\":443\"; ma=2592000,h3-Q046=\":443\"; ma=2592000,h3-Q043=\":443\"; ma=2592000,quic=\":443\"; ma=2592000; v=\"46,43\"","accept-ranges":"none","transfer-encoding":"chunked"}
[info] ✔  functions: required API cloudbuild.googleapis.com is enabled 
[debug] [2021-08-31T04:29:40.977Z] <<< HTTP RESPONSE 200 {"content-type":"application/json; charset=UTF-8","vary":"X-Origin, Referer, Origin,Accept-Encoding","date":"Tue, 31 Aug 2021 04:29:40 GMT","server":"ESF","cache-control":"private","x-xss-protection":"0","x-frame-options":"SAMEORIGIN","x-content-type-options":"nosniff","alt-svc":"h3=\":443\"; ma=2592000,h3-29=\":443\"; ma=2592000,h3-T051=\":443\"; ma=2592000,h3-Q050=\":443\"; ma=2592000,h3-Q046=\":443\"; ma=2592000,h3-Q043=\":443\"; ma=2592000,quic=\":443\"; ma=2592000; v=\"46,43\"","accept-ranges":"none","transfer-encoding":"chunked"}
[info] ✔  functions: required API cloudfunctions.googleapis.com is enabled 
[debug] [2021-08-31T04:29:40.979Z] >>> HTTP REQUEST GET https://firebase.googleapis.com/v1beta1/projects/jams-b177f/adminSdkConfig  
 
[debug] [2021-08-31T04:29:41.325Z] <<< HTTP RESPONSE 200 {"content-type":"application/json; charset=UTF-8","vary":"X-Origin, Referer, Origin,Accept-Encoding","date":"Tue, 31 Aug 2021 04:29:41 GMT","server":"ESF","cache-control":"private","x-xss-protection":"0","x-frame-options":"SAMEORIGIN","x-content-type-options":"nosniff","alt-svc":"h3=\":443\"; ma=2592000,h3-29=\":443\"; ma=2592000,h3-T051=\":443\"; ma=2592000,h3-Q050=\":443\"; ma=2592000,h3-Q046=\":443\"; ma=2592000,h3-Q043=\":443\"; ma=2592000,quic=\":443\"; ma=2592000; v=\"46,43\"","accept-ranges":"none","transfer-encoding":"chunked"}
[debug] [2021-08-31T04:29:41.326Z] >>> HTTP REQUEST GET https://runtimeconfig.googleapis.com/v1beta1/projects/jams-b177f/configs  
 
[debug] [2021-08-31T04:29:41.972Z] <<< HTTP RESPONSE 200 {"content-type":"application/json; charset=UTF-8","vary":"X-Origin, Referer, Origin,Accept-Encoding","date":"Tue, 31 Aug 2021 04:29:41 GMT","server":"ESF","cache-control":"private","x-xss-protection":"0","x-frame-options":"SAMEORIGIN","x-content-type-options":"nosniff","alt-svc":"h3=\":443\"; ma=2592000,h3-29=\":443\"; ma=2592000,h3-T051=\":443\"; ma=2592000,h3-Q050=\":443\"; ma=2592000,h3-Q046=\":443\"; ma=2592000,h3-Q043=\":443\"; ma=2592000,quic=\":443\"; ma=2592000; v=\"46,43\"","accept-ranges":"none","transfer-encoding":"chunked"}
[debug] [2021-08-31T04:29:41.974Z] Analyzing nodejs backend spec
[info] i  functions: preparing functions directory for uploading... 
[info] i  functions: packaged functions (42.81 KB) for uploading 
[debug] [2021-08-31T04:29:42.471Z] >>> HTTP REQUEST GET https://cloudfunctions.googleapis.com/v1/projects/jams-b177f/locations/-/functions  
 
[debug] [2021-08-31T04:29:43.128Z] <<< HTTP RESPONSE 200 {"content-type":"application/json; charset=UTF-8","vary":"X-Origin, Referer, Origin,Accept-Encoding","date":"Tue, 31 Aug 2021 04:29:43 GMT","server":"ESF","cache-control":"private","x-xss-protection":"0","x-frame-options":"SAMEORIGIN","x-content-type-options":"nosniff","alt-svc":"h3=\":443\"; ma=2592000,h3-29=\":443\"; ma=2592000,h3-T051=\":443\"; ma=2592000,h3-Q050=\":443\"; ma=2592000,h3-Q046=\":443\"; ma=2592000,h3-Q043=\":443\"; ma=2592000,quic=\":443\"; ma=2592000; v=\"46,43\"","accept-ranges":"none","transfer-encoding":"chunked"}
[debug] [2021-08-31T04:29:43.133Z] >>> HTTP REQUEST POST https://firebasehosting.googleapis.com/v1beta1/sites/jams-b177f/versions  
 {"config":{"rewrites":[{"glob":"**","path":"/index.html"}]},"labels":{"deployment-tool":"cli-firebase"}}
[debug] [2021-08-31T04:29:44.160Z] <<< HTTP RESPONSE 200 {"content-type":"application/json; charset=UTF-8","vary":"X-Origin, Referer, Origin,Accept-Encoding","date":"Tue, 31 Aug 2021 04:29:44 GMT","server":"ESF","cache-control":"private","x-xss-protection":"0","x-frame-options":"SAMEORIGIN","x-content-type-options":"nosniff","alt-svc":"h3=\":443\"; ma=2592000,h3-29=\":443\"; ma=2592000,h3-T051=\":443\"; ma=2592000,h3-Q050=\":443\"; ma=2592000,h3-Q046=\":443\"; ma=2592000,h3-Q043=\":443\"; ma=2592000,quic=\":443\"; ma=2592000; v=\"46,43\"","accept-ranges":"none","transfer-encoding":"chunked"}
[debug] [2021-08-31T04:29:44.161Z] >>> HTTP REQUEST POST https://cloudfunctions.googleapis.com/v1/projects/jams-b177f/locations/us-central1/functions:generateUploadUrl  
 
[debug] [2021-08-31T04:29:44.810Z] <<< HTTP RESPONSE 200 {"content-type":"application/json; charset=UTF-8","vary":"X-Origin, Referer, Origin,Accept-Encoding","date":"Tue, 31 Aug 2021 04:29:44 GMT","server":"ESF","cache-control":"private","x-xss-protection":"0","x-frame-options":"SAMEORIGIN","x-content-type-options":"nosniff","alt-svc":"h3=\":443\"; ma=2592000,h3-29=\":443\"; ma=2592000,h3-T051=\":443\"; ma=2592000,h3-Q050=\":443\"; ma=2592000,h3-Q046=\":443\"; ma=2592000,h3-Q043=\":443\"; ma=2592000,quic=\":443\"; ma=2592000; v=\"46,43\"","accept-ranges":"none","transfer-encoding":"chunked"}
[debug] [2021-08-31T04:29:44.811Z] >>> HTTP REQUEST PUT https://storage.googleapis.com/gcf-upload-us-central1-0f3a4904-30f7-4660-9c13-b9e1d8d00539/bb3c14d3-8040-4145-b86a-3c6dad3ff1d2.zip?GoogleAccessId=service-306858802763@gcf-admin-robot.iam.gserviceaccount.com&Expires=1630385984&Signature=g2G1A%2FxCavoVHN8tdIUXeAtPqV93I%2FIBop8zCo1EdVBx1hH27ipzqeypSZtO8osqwNCMGrS075XkFk%2FlLehiqy%2BWBtq83O2AWM1nkZLM3NaRiNA0l1mt8ngvI%2Fuw6EdjjAmJD7Pm4Io3ZWtnE7OW77PlXiAGUeuBZJjxo%2BpC%2B8e%2B4RoJHfkf5uY8ZA5lyINa0LNj0ijFeV2igoBj3v9ReW3V5ieZAkXrmgGlM6cZjRFO5CsTn6pjT%2Fd9IysA38cAC42UMTablDhIiyQs4DgPOBrGawPk%2BsuJnkZ5NtDrXDV%2FLpSDDCPkJDvsxpXKX%2F%2BtmaC47F04tx2Yz%2BjX1GsC%2Bg%3D%3D  
 <request body omitted>
[debug] [2021-08-31T04:29:45.291Z] <<< HTTP RESPONSE 200 {"x-guploader-uploadid":"ADPycdvxx3pb2JopdUlUsm9qxcQs5rI-ksJWnDhz9a7GBRBLDrRXFegQx2XS2yxcDdcB1X_BEOXbDOdOLgRhew-k5sw","etag":"\"055360fec374f17c3007a2ba1399d0da\"","x-goog-generation":"1630384185268277","x-goog-metageneration":"1","x-goog-hash":"crc32c=+XsRrA==, md5=BVNg/sN08XwwB6K6E5nQ2g==","x-goog-stored-content-length":"43838","x-goog-stored-content-encoding":"identity","vary":"Origin","content-length":"0","date":"Tue, 31 Aug 2021 04:29:45 GMT","server":"UploadServer","content-type":"text/html; charset=UTF-8","alt-svc":"h3=\":443\"; ma=2592000,h3-29=\":443\"; ma=2592000,h3-T051=\":443\"; ma=2592000,h3-Q050=\":443\"; ma=2592000,h3-Q046=\":443\"; ma=2592000,h3-Q043=\":443\"; ma=2592000,quic=\":443\"; ma=2592000; v=\"46,43\""}
[info] ✔  functions: functions folder uploaded successfully 
[info] i  hosting[jams-b177f]: beginning deploy... 
[info] i  hosting[jams-b177f]: found 18 files in build 
[debug] [2021-08-31T04:29:46.267Z] > refreshing access token with scopes: []
[debug] [2021-08-31T04:29:46.267Z] >>> HTTP REQUEST POST https://www.googleapis.com/oauth2/v3/token  
 <request body omitted>
[debug] [2021-08-31T04:29:46.270Z] [hosting] hash cache [YnVpbGQ] stored for 18 files
[debug] [2021-08-31T04:29:46.270Z] [hosting][hash queue][FINAL] {"max":956,"min":10,"avg":87.66666666666667,"active":0,"complete":18,"success":18,"errored":0,"retried":0,"total":18,"elapsed":964}
[debug] [2021-08-31T04:29:46.496Z] <<< HTTP RESPONSE 200 {"pragma":"no-cache","cache-control":"no-cache, no-store, max-age=0, must-revalidate","date":"Tue, 31 Aug 2021 04:29:46 GMT","expires":"Mon, 01 Jan 1990 00:00:00 GMT","content-type":"application/json; charset=utf-8","vary":"X-Origin, Referer, Origin,Accept-Encoding","server":"scaffolding on HTTPServer2","x-xss-protection":"0","x-frame-options":"SAMEORIGIN","x-content-type-options":"nosniff","alt-svc":"h3=\":443\"; ma=2592000,h3-29=\":443\"; ma=2592000,h3-T051=\":443\"; ma=2592000,h3-Q050=\":443\"; ma=2592000,h3-Q046=\":443\"; ma=2592000,h3-Q043=\":443\"; ma=2592000,quic=\":443\"; ma=2592000; v=\"46,43\"","accept-ranges":"none","transfer-encoding":"chunked"}
[debug] [2021-08-31T04:29:46.541Z] >>> [apiv2][query] POST https://firebasehosting.googleapis.com/v1beta1/sites/jams-b177f/versions/afd79286c5227f32:populateFiles [none]
[debug] [2021-08-31T04:29:46.542Z] >>> [apiv2][body] POST https://firebasehosting.googleapis.com/v1beta1/sites/jams-b177f/versions/afd79286c5227f32:populateFiles {"files":{"/asset-manifest.json":"98f566d0c36d9e50e923bf1dc3eeab6ae9e9454d152814af69335a1430404e77","/favicon.ico":"b72f7455f00e4e58792d2bca892abb068e2213838c0316d6b7a0d6d16acd1955","/precache-manifest.e4fdda989528447e68b1e9d9a423da25.js":"a46a5360013b920905ce4fb0f0840f28b0d99ce9e8d97bb6423813fa018dddce","/index.html":"083a53c652014abd6f66d44f0fcfeedec731222c62dbb35c791de3e5ab38fcc4","/manifest.json":"e01b01081b50e7869e7e35e1a43cbbe29c4794a0a76e2496fdede51b6af3b82c","/robots.txt":"381eb2c6776dd7924af6a6f8761e8720f5c7fb210451f07f2d13cf52af3073d2","/service-worker.js":"485b13d30c0e16900caa511baeecaa8949a731ca4a90aa28734071222181ebc1","/logo192.png":"caff018b7f1e8fd481eb1c50d75b0ef236bcd5078b1d15c8bb348453fee30293","/static/js/2.7c7c62ca.chunk.js.LICENSE":"28fb69caa9ece8d77f456167fbecf6797d39eeff62570ce757a57598070c4e97","/logo512.png":"191fc21360b4ccfb1cda11a1efb97f489ed22672ca83f4064316802bbfdd750e","/static/js/runtime-main.040f527f.js":"f0ec9a391c34618c162c1bd9ff0d48b4063a44ae0ca6a1e14b8d5710b3e4cdb4","/static/js/main.c83e6dd5.chunk.js":"0eaa17ce9374d52717fe863f49755ab0893543f113d155f2a87c786eefaac508","/static/js/runtime-main.040f527f.js.map":"2b945d86342da183fba45d7bdb48e6faef9bab7cab2730113e937c0f2f6158ab","/static/js/main.c83e6dd5.chunk.js.map":"d60e0dbf605d795d4a203a6bcfb53bc02d57001fc40688f1d0dc6a28064c9168","/static/css/main.2b0645fb.chunk.css":"966b7290ded39721a9343d4fd2a784868d258eebcc1159d838034b66f8a49ce3","/static/css/main.2b0645fb.chunk.css.map":"33fdd0fd1f3c812c946aafa95ae51dd720722aaa1a38346e69635b1d46b0cb08","/static/js/2.7c7c62ca.chunk.js":"f6dddbc7831bba008beb4ceb39557023bdd9360baf8e345b72e9ad94e43ca631","/static/js/2.7c7c62ca.chunk.js.map":"c367895436543a9c38c40cae247627df6bc2ad78467779bbe8911d0bbdc89308"}}
[debug] [2021-08-31T04:29:47.199Z] <<< [apiv2][status] POST https://firebasehosting.googleapis.com/v1beta1/sites/jams-b177f/versions/afd79286c5227f32:populateFiles 200
[debug] [2021-08-31T04:29:47.199Z] <<< [apiv2][body] POST https://firebasehosting.googleapis.com/v1beta1/sites/jams-b177f/versions/afd79286c5227f32:populateFiles {"uploadRequiredHashes":["966b7290ded39721a9343d4fd2a784868d258eebcc1159d838034b66f8a49ce3","a46a5360013b920905ce4fb0f0840f28b0d99ce9e8d97bb6423813fa018dddce","c367895436543a9c38c40cae247627df6bc2ad78467779bbe8911d0bbdc89308","485b13d30c0e16900caa511baeecaa8949a731ca4a90aa28734071222181ebc1","28fb69caa9ece8d77f456167fbecf6797d39eeff62570ce757a57598070c4e97","98f566d0c36d9e50e923bf1dc3eeab6ae9e9454d152814af69335a1430404e77","d60e0dbf605d795d4a203a6bcfb53bc02d57001fc40688f1d0dc6a28064c9168","0eaa17ce9374d52717fe863f49755ab0893543f113d155f2a87c786eefaac508","f6dddbc7831bba008beb4ceb39557023bdd9360baf8e345b72e9ad94e43ca631","083a53c652014abd6f66d44f0fcfeedec731222c62dbb35c791de3e5ab38fcc4","33fdd0fd1f3c812c946aafa95ae51dd720722aaa1a38346e69635b1d46b0cb08"],"uploadUrl":"https://upload-firebasehosting.googleapis.com/upload/sites/jams-b177f/versions/afd79286c5227f32/files"}
[debug] [2021-08-31T04:29:47.203Z] >>> [apiv2][query] POST https://upload-firebasehosting.googleapis.com/upload/sites/jams-b177f/versions/afd79286c5227f32/files/966b7290ded39721a9343d4fd2a784868d258eebcc1159d838034b66f8a49ce3 [none]
[debug] [2021-08-31T04:29:47.203Z] >>> [apiv2][body] POST https://upload-firebasehosting.googleapis.com/upload/sites/jams-b177f/versions/afd79286c5227f32/files/966b7290ded39721a9343d4fd2a784868d258eebcc1159d838034b66f8a49ce3 [stream]
[debug] [2021-08-31T04:29:47.204Z] >>> [apiv2][query] POST https://upload-firebasehosting.googleapis.com/upload/sites/jams-b177f/versions/afd79286c5227f32/files/a46a5360013b920905ce4fb0f0840f28b0d99ce9e8d97bb6423813fa018dddce [none]
[debug] [2021-08-31T04:29:47.204Z] >>> [apiv2][body] POST https://upload-firebasehosting.googleapis.com/upload/sites/jams-b177f/versions/afd79286c5227f32/files/a46a5360013b920905ce4fb0f0840f28b0d99ce9e8d97bb6423813fa018dddce [stream]
[debug] [2021-08-31T04:29:47.205Z] >>> [apiv2][query] POST https://upload-firebasehosting.googleapis.com/upload/sites/jams-b177f/versions/afd79286c5227f32/files/c367895436543a9c38c40cae247627df6bc2ad78467779bbe8911d0bbdc89308 [none]
[debug] [2021-08-31T04:29:47.205Z] >>> [apiv2][body] POST https://upload-firebasehosting.googleapis.com/upload/sites/jams-b177f/versions/afd79286c5227f32/files/c367895436543a9c38c40cae247627df6bc2ad78467779bbe8911d0bbdc89308 [stream]
[debug] [2021-08-31T04:29:47.205Z] >>> [apiv2][query] POST https://upload-firebasehosting.googleapis.com/upload/sites/jams-b177f/versions/afd79286c5227f32/files/485b13d30c0e16900caa511baeecaa8949a731ca4a90aa28734071222181ebc1 [none]
[debug] [2021-08-31T04:29:47.205Z] >>> [apiv2][body] POST https://upload-firebasehosting.googleapis.com/upload/sites/jams-b177f/versions/afd79286c5227f32/files/485b13d30c0e16900caa511baeecaa8949a731ca4a90aa28734071222181ebc1 [stream]
[debug] [2021-08-31T04:29:47.206Z] >>> [apiv2][query] POST https://upload-firebasehosting.googleapis.com/upload/sites/jams-b177f/versions/afd79286c5227f32/files/28fb69caa9ece8d77f456167fbecf6797d39eeff62570ce757a57598070c4e97 [none]
[debug] [2021-08-31T04:29:47.206Z] >>> [apiv2][body] POST https://upload-firebasehosting.googleapis.com/upload/sites/jams-b177f/versions/afd79286c5227f32/files/28fb69caa9ece8d77f456167fbecf6797d39eeff62570ce757a57598070c4e97 [stream]
[debug] [2021-08-31T04:29:47.207Z] >>> [apiv2][query] POST https://upload-firebasehosting.googleapis.com/upload/sites/jams-b177f/versions/afd79286c5227f32/files/98f566d0c36d9e50e923bf1dc3eeab6ae9e9454d152814af69335a1430404e77 [none]
[debug] [2021-08-31T04:29:47.207Z] >>> [apiv2][body] POST https://upload-firebasehosting.googleapis.com/upload/sites/jams-b177f/versions/afd79286c5227f32/files/98f566d0c36d9e50e923bf1dc3eeab6ae9e9454d152814af69335a1430404e77 [stream]
[debug] [2021-08-31T04:29:47.210Z] >>> [apiv2][query] POST https://upload-firebasehosting.googleapis.com/upload/sites/jams-b177f/versions/afd79286c5227f32/files/d60e0dbf605d795d4a203a6bcfb53bc02d57001fc40688f1d0dc6a28064c9168 [none]
[debug] [2021-08-31T04:29:47.210Z] >>> [apiv2][body] POST https://upload-firebasehosting.googleapis.com/upload/sites/jams-b177f/versions/afd79286c5227f32/files/d60e0dbf605d795d4a203a6bcfb53bc02d57001fc40688f1d0dc6a28064c9168 [stream]
[debug] [2021-08-31T04:29:47.211Z] >>> [apiv2][query] POST https://upload-firebasehosting.googleapis.com/upload/sites/jams-b177f/versions/afd79286c5227f32/files/0eaa17ce9374d52717fe863f49755ab0893543f113d155f2a87c786eefaac508 [none]
[debug] [2021-08-31T04:29:47.211Z] >>> [apiv2][body] POST https://upload-firebasehosting.googleapis.com/upload/sites/jams-b177f/versions/afd79286c5227f32/files/0eaa17ce9374d52717fe863f49755ab0893543f113d155f2a87c786eefaac508 [stream]
[debug] [2021-08-31T04:29:47.212Z] >>> [apiv2][query] POST https://upload-firebasehosting.googleapis.com/upload/sites/jams-b177f/versions/afd79286c5227f32/files/f6dddbc7831bba008beb4ceb39557023bdd9360baf8e345b72e9ad94e43ca631 [none]
[debug] [2021-08-31T04:29:47.212Z] >>> [apiv2][body] POST https://upload-firebasehosting.googleapis.com/upload/sites/jams-b177f/versions/afd79286c5227f32/files/f6dddbc7831bba008beb4ceb39557023bdd9360baf8e345b72e9ad94e43ca631 [stream]
[debug] [2021-08-31T04:29:47.212Z] >>> [apiv2][query] POST https://upload-firebasehosting.googleapis.com/upload/sites/jams-b177f/versions/afd79286c5227f32/files/083a53c652014abd6f66d44f0fcfeedec731222c62dbb35c791de3e5ab38fcc4 [none]
[debug] [2021-08-31T04:29:47.212Z] >>> [apiv2][body] POST https://upload-firebasehosting.googleapis.com/upload/sites/jams-b177f/versions/afd79286c5227f32/files/083a53c652014abd6f66d44f0fcfeedec731222c62dbb35c791de3e5ab38fcc4 [stream]
[debug] [2021-08-31T04:29:47.213Z] >>> [apiv2][query] POST https://upload-firebasehosting.googleapis.com/upload/sites/jams-b177f/versions/afd79286c5227f32/files/33fdd0fd1f3c812c946aafa95ae51dd720722aaa1a38346e69635b1d46b0cb08 [none]
[debug] [2021-08-31T04:29:47.213Z] >>> [apiv2][body] POST https://upload-firebasehosting.googleapis.com/upload/sites/jams-b177f/versions/afd79286c5227f32/files/33fdd0fd1f3c812c946aafa95ae51dd720722aaa1a38346e69635b1d46b0cb08 [stream]
[debug] [2021-08-31T04:29:47.214Z] [hosting][populate queue][FINAL] {"max":937,"min":937,"avg":937,"active":0,"complete":1,"success":1,"errored":0,"retried":0,"total":1,"elapsed":948}
[debug] [2021-08-31T04:29:47.214Z] [hosting] uploads queued: 11
[debug] [2021-08-31T04:29:48.403Z] <<< [apiv2][status] POST https://upload-firebasehosting.googleapis.com/upload/sites/jams-b177f/versions/afd79286c5227f32/files/a46a5360013b920905ce4fb0f0840f28b0d99ce9e8d97bb6423813fa018dddce 200
[debug] [2021-08-31T04:29:48.403Z] <<< [apiv2][body] POST https://upload-firebasehosting.googleapis.com/upload/sites/jams-b177f/versions/afd79286c5227f32/files/a46a5360013b920905ce4fb0f0840f28b0d99ce9e8d97bb6423813fa018dddce [stream]
[debug] [2021-08-31T04:29:48.474Z] <<< [apiv2][status] POST https://upload-firebasehosting.googleapis.com/upload/sites/jams-b177f/versions/afd79286c5227f32/files/28fb69caa9ece8d77f456167fbecf6797d39eeff62570ce757a57598070c4e97 200
[debug] [2021-08-31T04:29:48.474Z] <<< [apiv2][body] POST https://upload-firebasehosting.googleapis.com/upload/sites/jams-b177f/versions/afd79286c5227f32/files/28fb69caa9ece8d77f456167fbecf6797d39eeff62570ce757a57598070c4e97 [stream]
[debug] [2021-08-31T04:29:48.580Z] <<< [apiv2][status] POST https://upload-firebasehosting.googleapis.com/upload/sites/jams-b177f/versions/afd79286c5227f32/files/0eaa17ce9374d52717fe863f49755ab0893543f113d155f2a87c786eefaac508 200
[debug] [2021-08-31T04:29:48.581Z] <<< [apiv2][body] POST https://upload-firebasehosting.googleapis.com/upload/sites/jams-b177f/versions/afd79286c5227f32/files/0eaa17ce9374d52717fe863f49755ab0893543f113d155f2a87c786eefaac508 [stream]
[debug] [2021-08-31T04:29:48.628Z] <<< [apiv2][status] POST https://upload-firebasehosting.googleapis.com/upload/sites/jams-b177f/versions/afd79286c5227f32/files/98f566d0c36d9e50e923bf1dc3eeab6ae9e9454d152814af69335a1430404e77 200
[debug] [2021-08-31T04:29:48.628Z] <<< [apiv2][body] POST https://upload-firebasehosting.googleapis.com/upload/sites/jams-b177f/versions/afd79286c5227f32/files/98f566d0c36d9e50e923bf1dc3eeab6ae9e9454d152814af69335a1430404e77 [stream]
[debug] [2021-08-31T04:29:48.635Z] <<< [apiv2][status] POST https://upload-firebasehosting.googleapis.com/upload/sites/jams-b177f/versions/afd79286c5227f32/files/485b13d30c0e16900caa511baeecaa8949a731ca4a90aa28734071222181ebc1 200
[debug] [2021-08-31T04:29:48.635Z] <<< [apiv2][body] POST https://upload-firebasehosting.googleapis.com/upload/sites/jams-b177f/versions/afd79286c5227f32/files/485b13d30c0e16900caa511baeecaa8949a731ca4a90aa28734071222181ebc1 [stream]
[debug] [2021-08-31T04:29:48.764Z] <<< [apiv2][status] POST https://upload-firebasehosting.googleapis.com/upload/sites/jams-b177f/versions/afd79286c5227f32/files/083a53c652014abd6f66d44f0fcfeedec731222c62dbb35c791de3e5ab38fcc4 200
[debug] [2021-08-31T04:29:48.764Z] <<< [apiv2][body] POST https://upload-firebasehosting.googleapis.com/upload/sites/jams-b177f/versions/afd79286c5227f32/files/083a53c652014abd6f66d44f0fcfeedec731222c62dbb35c791de3e5ab38fcc4 [stream]
[debug] [2021-08-31T04:29:48.787Z] <<< [apiv2][status] POST https://upload-firebasehosting.googleapis.com/upload/sites/jams-b177f/versions/afd79286c5227f32/files/966b7290ded39721a9343d4fd2a784868d258eebcc1159d838034b66f8a49ce3 200
[debug] [2021-08-31T04:29:48.787Z] <<< [apiv2][body] POST https://upload-firebasehosting.googleapis.com/upload/sites/jams-b177f/versions/afd79286c5227f32/files/966b7290ded39721a9343d4fd2a784868d258eebcc1159d838034b66f8a49ce3 [stream]
[debug] [2021-08-31T04:29:48.856Z] <<< [apiv2][status] POST https://upload-firebasehosting.googleapis.com/upload/sites/jams-b177f/versions/afd79286c5227f32/files/33fdd0fd1f3c812c946aafa95ae51dd720722aaa1a38346e69635b1d46b0cb08 200
[debug] [2021-08-31T04:29:48.856Z] <<< [apiv2][body] POST https://upload-firebasehosting.googleapis.com/upload/sites/jams-b177f/versions/afd79286c5227f32/files/33fdd0fd1f3c812c946aafa95ae51dd720722aaa1a38346e69635b1d46b0cb08 [stream]
[debug] [2021-08-31T04:29:48.910Z] <<< [apiv2][status] POST https://upload-firebasehosting.googleapis.com/upload/sites/jams-b177f/versions/afd79286c5227f32/files/d60e0dbf605d795d4a203a6bcfb53bc02d57001fc40688f1d0dc6a28064c9168 200
[debug] [2021-08-31T04:29:48.910Z] <<< [apiv2][body] POST https://upload-firebasehosting.googleapis.com/upload/sites/jams-b177f/versions/afd79286c5227f32/files/d60e0dbf605d795d4a203a6bcfb53bc02d57001fc40688f1d0dc6a28064c9168 [stream]
[debug] [2021-08-31T04:29:49.149Z] <<< [apiv2][status] POST https://upload-firebasehosting.googleapis.com/upload/sites/jams-b177f/versions/afd79286c5227f32/files/f6dddbc7831bba008beb4ceb39557023bdd9360baf8e345b72e9ad94e43ca631 200
[debug] [2021-08-31T04:29:49.149Z] <<< [apiv2][body] POST https://upload-firebasehosting.googleapis.com/upload/sites/jams-b177f/versions/afd79286c5227f32/files/f6dddbc7831bba008beb4ceb39557023bdd9360baf8e345b72e9ad94e43ca631 [stream]
[debug] [2021-08-31T04:29:49.589Z] <<< [apiv2][status] POST https://upload-firebasehosting.googleapis.com/upload/sites/jams-b177f/versions/afd79286c5227f32/files/c367895436543a9c38c40cae247627df6bc2ad78467779bbe8911d0bbdc89308 200
[debug] [2021-08-31T04:29:49.590Z] <<< [apiv2][body] POST https://upload-firebasehosting.googleapis.com/upload/sites/jams-b177f/versions/afd79286c5227f32/files/c367895436543a9c38c40cae247627df6bc2ad78467779bbe8911d0bbdc89308 [stream]
[debug] [2021-08-31T04:29:49.590Z] [hosting][upload queue][FINAL] {"max":2389,"min":1203,"avg":1596.4545454545455,"active":0,"complete":11,"success":11,"errored":0,"retried":0,"total":11,"elapsed":2391}
[info] ✔  hosting[jams-b177f]: file upload complete 
[debug] [2021-08-31T04:29:49.590Z] [hosting] deploy completed after 4298ms
[info] i  functions: updating Node.js 10 function api(us-central1)... 
[debug] [2021-08-31T04:29:49.595Z] > refreshing access token with scopes: ["email","https://www.googleapis.com/auth/cloud-platform","https://www.googleapis.com/auth/cloudplatformprojects.readonly","https://www.googleapis.com/auth/firebase","openid"]
[debug] [2021-08-31T04:29:49.595Z] >>> HTTP REQUEST POST https://www.googleapis.com/oauth2/v3/token  
 <request body omitted>
[debug] [2021-08-31T04:29:49.825Z] <<< HTTP RESPONSE 200 {"cache-control":"no-cache, no-store, max-age=0, must-revalidate","pragma":"no-cache","date":"Tue, 31 Aug 2021 04:29:49 GMT","expires":"Mon, 01 Jan 1990 00:00:00 GMT","content-type":"application/json; charset=utf-8","vary":"X-Origin, Referer, Origin,Accept-Encoding","server":"scaffolding on HTTPServer2","x-xss-protection":"0","x-frame-options":"SAMEORIGIN","x-content-type-options":"nosniff","alt-svc":"h3=\":443\"; ma=2592000,h3-29=\":443\"; ma=2592000,h3-T051=\":443\"; ma=2592000,h3-Q050=\":443\"; ma=2592000,h3-Q046=\":443\"; ma=2592000,h3-Q043=\":443\"; ma=2592000,quic=\":443\"; ma=2592000; v=\"46,43\"","accept-ranges":"none","transfer-encoding":"chunked"}
[debug] [2021-08-31T04:29:49.875Z] >>> HTTP REQUEST PATCH https://cloudfunctions.googleapis.com/v1/projects/jams-b177f/locations/us-central1/functions/api {"updateMask":"name,sourceUploadUrl,entryPoint,runtime,httpsTrigger.securityLevel,labels,environmentVariables"} 
 {"name":"projects/jams-b177f/locations/us-central1/functions/api","sourceUploadUrl":"https://storage.googleapis.com/gcf-upload-us-central1-0f3a4904-30f7-4660-9c13-b9e1d8d00539/bb3c14d3-8040-4145-b86a-3c6dad3ff1d2.zip?GoogleAccessId=service-306858802763@gcf-admin-robot.iam.gserviceaccount.com&Expires=1630385984&Signature=g2G1A%2FxCavoVHN8tdIUXeAtPqV93I%2FIBop8zCo1EdVBx1hH27ipzqeypSZtO8osqwNCMGrS075XkFk%2FlLehiqy%2BWBtq83O2AWM1nkZLM3NaRiNA0l1mt8ngvI%2Fuw6EdjjAmJD7Pm4Io3ZWtnE7OW77PlXiAGUeuBZJjxo%2BpC%2B8e%2B4RoJHfkf5uY8ZA5lyINa0LNj0ijFeV2igoBj3v9ReW3V5ieZAkXrmgGlM6cZjRFO5CsTn6pjT%2Fd9IysA38cAC42UMTablDhIiyQs4DgPOBrGawPk%2BsuJnkZ5NtDrXDV%2FLpSDDCPkJDvsxpXKX%2F%2BtmaC47F04tx2Yz%2BjX1GsC%2Bg%3D%3D","entryPoint":"api","runtime":"nodejs10","httpsTrigger":{"securityLevel":"SECURE_OPTIONAL"},"labels":{"deployment-tool":"cli-firebase"},"environmentVariables":{"FIREBASE_CONFIG":"{\"projectId\":\"jams-b177f\",\"databaseURL\":\"https://jams-b177f.firebaseio.com\",\"storageBucket\":\"jams-b177f.appspot.com\",\"locationId\":\"us-central\"}","GCLOUD_PROJECT":"jams-b177f"}}
[debug] [2021-08-31T04:29:50.446Z] <<< HTTP RESPONSE 200 {"content-type":"application/json; charset=UTF-8","vary":"X-Origin, Referer, Origin,Accept-Encoding","date":"Tue, 31 Aug 2021 04:29:50 GMT","server":"ESF","cache-control":"private","x-xss-protection":"0","x-frame-options":"SAMEORIGIN","x-content-type-options":"nosniff","alt-svc":"h3=\":443\"; ma=2592000,h3-29=\":443\"; ma=2592000,h3-T051=\":443\"; ma=2592000,h3-Q050=\":443\"; ma=2592000,h3-Q046=\":443\"; ma=2592000,h3-Q043=\":443\"; ma=2592000,quic=\":443\"; ma=2592000; v=\"46,43\"","accept-ranges":"none","transfer-encoding":"chunked"}
[debug] [2021-08-31T04:29:50.447Z] > refreshing access token with scopes: []
[debug] [2021-08-31T04:29:50.448Z] >>> HTTP REQUEST POST https://www.googleapis.com/oauth2/v3/token  
 <request body omitted>
[debug] [2021-08-31T04:29:50.672Z] <<< HTTP RESPONSE 200 {"date":"Tue, 31 Aug 2021 04:29:50 GMT","pragma":"no-cache","cache-control":"no-cache, no-store, max-age=0, must-revalidate","expires":"Mon, 01 Jan 1990 00:00:00 GMT","content-type":"application/json; charset=utf-8","vary":"X-Origin, Referer, Origin,Accept-Encoding","server":"scaffolding on HTTPServer2","x-xss-protection":"0","x-frame-options":"SAMEORIGIN","x-content-type-options":"nosniff","alt-svc":"h3=\":443\"; ma=2592000,h3-29=\":443\"; ma=2592000,h3-T051=\":443\"; ma=2592000,h3-Q050=\":443\"; ma=2592000,h3-Q046=\":443\"; ma=2592000,h3-Q043=\":443\"; ma=2592000,quic=\":443\"; ma=2592000; v=\"46,43\"","accept-ranges":"none","transfer-encoding":"chunked"}
[debug] [2021-08-31T04:29:50.721Z] >>> [apiv2][query] GET https://cloudfunctions.googleapis.com/v1/operations/amFtcy1iMTc3Zi91cy1jZW50cmFsMS9hcGkvQ2VtN21VRE1JZkU [none]
[debug] [2021-08-31T04:29:50.980Z] <<< [apiv2][status] GET https://cloudfunctions.googleapis.com/v1/operations/amFtcy1iMTc3Zi91cy1jZW50cmFsMS9hcGkvQ2VtN21VRE1JZkU 200
[debug] [2021-08-31T04:29:50.980Z] <<< [apiv2][body] GET https://cloudfunctions.googleapis.com/v1/operations/amFtcy1iMTc3Zi91cy1jZW50cmFsMS9hcGkvQ2VtN21VRE1JZkU {"name":"operations/amFtcy1iMTc3Zi91cy1jZW50cmFsMS9hcGkvQ2VtN21VRE1JZkU","metadata":{"@type":"type.googleapis.com/google.cloud.functions.v1.OperationMetadataV1","target":"projects/jams-b177f/locations/us-central1/functions/api","type":"UPDATE_FUNCTION","request":{"@type":"type.googleapis.com/google.cloud.functions.v1.CloudFunction","name":"projects/jams-b177f/locations/us-central1/functions/api","httpsTrigger":{"url":"https://us-central1-jams-b177f.cloudfunctions.net/api","securityLevel":"SECURE_OPTIONAL"},"status":"ACTIVE","entryPoint":"api","timeout":"60s","availableMemoryMb":256,"serviceAccountEmail":"jams-b177f@appspot.gserviceaccount.com","updateTime":"2021-08-31T03:20:30.185Z","versionId":"7","labels":{"deployment-tool":"cli-firebase"},"sourceUploadUrl":"https://storage.googleapis.com/gcf-upload-us-central1-0f3a4904-30f7-4660-9c13-b9e1d8d00539/bb3c14d3-8040-4145-b86a-3c6dad3ff1d2.zip?GoogleAccessId=service-306858802763@gcf-admin-robot.iam.gserviceaccount.com&Expires=1630385984&Signature=g2G1A%2FxCavoVHN8tdIUXeAtPqV93I%2FIBop8zCo1EdVBx1hH27ipzqeypSZtO8osqwNCMGrS075XkFk%2FlLehiqy%2BWBtq83O2AWM1nkZLM3NaRiNA0l1mt8ngvI%2Fuw6EdjjAmJD7Pm4Io3ZWtnE7OW77PlXiAGUeuBZJjxo%2BpC%2B8e%2B4RoJHfkf5uY8ZA5lyINa0LNj0ijFeV2igoBj3v9ReW3V5ieZAkXrmgGlM6cZjRFO5CsTn6pjT%2Fd9IysA38cAC42UMTablDhIiyQs4DgPOBrGawPk%2BsuJnkZ5NtDrXDV%2FLpSDDCPkJDvsxpXKX%2F%2BtmaC47F04tx2Yz%2BjX1GsC%2Bg%3D%3D","environmentVariables":{"FIREBASE_CONFIG":"{\"projectId\":\"jams-b177f\",\"databaseURL\":\"https://jams-b177f.firebaseio.com\",\"storageBucket\":\"jams-b177f.appspot.com\",\"locationId\":\"us-central\"}","GCLOUD_PROJECT":"jams-b177f"},"runtime":"nodejs10","ingressSettings":"ALLOW_ALL","buildId":"5800a1c8-08e7-4f8c-9d2f-263f8d95202e","buildName":"projects/306858802763/locations/us-central1/builds/5800a1c8-08e7-4f8c-9d2f-263f8d95202e"},"versionId":"8","updateTime":"2021-08-31T04:29:50Z","buildName":"projects/306858802763/locations/us-central1/builds/5800a1c8-08e7-4f8c-9d2f-263f8d95202e"}}
[debug] [2021-08-31T04:29:51.481Z] [update-projects/jams-b177f/locations/us-central1/functions/api] Retrying task index 0
[debug] [2021-08-31T04:29:51.482Z] >>> [apiv2][query] GET https://cloudfunctions.googleapis.com/v1/operations/amFtcy1iMTc3Zi91cy1jZW50cmFsMS9hcGkvQ2VtN21VRE1JZkU [none]
[debug] [2021-08-31T04:29:51.731Z] <<< [apiv2][status] GET https://cloudfunctions.googleapis.com/v1/operations/amFtcy1iMTc3Zi91cy1jZW50cmFsMS9hcGkvQ2VtN21VRE1JZkU 200
[debug] [2021-08-31T04:29:51.731Z] <<< [apiv2][body] GET https://cloudfunctions.googleapis.com/v1/operations/amFtcy1iMTc3Zi91cy1jZW50cmFsMS9hcGkvQ2VtN21VRE1JZkU {"name":"operations/amFtcy1iMTc3Zi91cy1jZW50cmFsMS9hcGkvQ2VtN21VRE1JZkU","metadata":{"@type":"type.googleapis.com/google.cloud.functions.v1.OperationMetadataV1","target":"projects/jams-b177f/locations/us-central1/functions/api","type":"UPDATE_FUNCTION","request":{"@type":"type.googleapis.com/google.cloud.functions.v1.CloudFunction","name":"projects/jams-b177f/locations/us-central1/functions/api","httpsTrigger":{"url":"https://us-central1-jams-b177f.cloudfunctions.net/api","securityLevel":"SECURE_OPTIONAL"},"status":"ACTIVE","entryPoint":"api","timeout":"60s","availableMemoryMb":256,"serviceAccountEmail":"jams-b177f@appspot.gserviceaccount.com","updateTime":"2021-08-31T03:20:30.185Z","versionId":"7","labels":{"deployment-tool":"cli-firebase"},"sourceUploadUrl":"https://storage.googleapis.com/gcf-upload-us-central1-0f3a4904-30f7-4660-9c13-b9e1d8d00539/bb3c14d3-8040-4145-b86a-3c6dad3ff1d2.zip?GoogleAccessId=service-306858802763@gcf-admin-robot.iam.gserviceaccount.com&Expires=1630385984&Signature=g2G1A%2FxCavoVHN8tdIUXeAtPqV93I%2FIBop8zCo1EdVBx1hH27ipzqeypSZtO8osqwNCMGrS075XkFk%2FlLehiqy%2BWBtq83O2AWM1nkZLM3NaRiNA0l1mt8ngvI%2Fuw6EdjjAmJD7Pm4Io3ZWtnE7OW77PlXiAGUeuBZJjxo%2BpC%2B8e%2B4RoJHfkf5uY8ZA5lyINa0LNj0ijFeV2igoBj3v9ReW3V5ieZAkXrmgGlM6cZjRFO5CsTn6pjT%2Fd9IysA38cAC42UMTablDhIiyQs4DgPOBrGawPk%2BsuJnkZ5NtDrXDV%2FLpSDDCPkJDvsxpXKX%2F%2BtmaC47F04tx2Yz%2BjX1GsC%2Bg%3D%3D","environmentVariables":{"FIREBASE_CONFIG":"{\"projectId\":\"jams-b177f\",\"databaseURL\":\"https://jams-b177f.firebaseio.com\",\"storageBucket\":\"jams-b177f.appspot.com\",\"locationId\":\"us-central\"}","GCLOUD_PROJECT":"jams-b177f"},"runtime":"nodejs10","ingressSettings":"ALLOW_ALL","buildId":"5800a1c8-08e7-4f8c-9d2f-263f8d95202e","buildName":"projects/306858802763/locations/us-central1/builds/5800a1c8-08e7-4f8c-9d2f-263f8d95202e"},"versionId":"8","updateTime":"2021-08-31T04:29:50Z","buildId":"c92319a2-529c-4497-8772-d898b0168813","buildName":"projects/306858802763/locations/us-central1/builds/c92319a2-529c-4497-8772-d898b0168813"}}
[debug] [2021-08-31T04:29:52.736Z] [update-projects/jams-b177f/locations/us-central1/functions/api] Retrying task index 0
[debug] [2021-08-31T04:29:52.737Z] >>> [apiv2][query] GET https://cloudfunctions.googleapis.com/v1/operations/amFtcy1iMTc3Zi91cy1jZW50cmFsMS9hcGkvQ2VtN21VRE1JZkU [none]
[debug] [2021-08-31T04:29:57.004Z] <<< [apiv2][status] GET https://cloudfunctions.googleapis.com/v1/operations/amFtcy1iMTc3Zi91cy1jZW50cmFsMS9hcGkvQ2VtN21VRE1JZkU 200
[debug] [2021-08-31T04:29:57.004Z] <<< [apiv2][body] GET https://cloudfunctions.googleapis.com/v1/operations/amFtcy1iMTc3Zi91cy1jZW50cmFsMS9hcGkvQ2VtN21VRE1JZkU {"name":"operations/amFtcy1iMTc3Zi91cy1jZW50cmFsMS9hcGkvQ2VtN21VRE1JZkU","metadata":{"@type":"type.googleapis.com/google.cloud.functions.v1.OperationMetadataV1","target":"projects/jams-b177f/locations/us-central1/functions/api","type":"UPDATE_FUNCTION","request":{"@type":"type.googleapis.com/google.cloud.functions.v1.CloudFunction","name":"projects/jams-b177f/locations/us-central1/functions/api","httpsTrigger":{"url":"https://us-central1-jams-b177f.cloudfunctions.net/api","securityLevel":"SECURE_OPTIONAL"},"status":"ACTIVE","entryPoint":"api","timeout":"60s","availableMemoryMb":256,"serviceAccountEmail":"jams-b177f@appspot.gserviceaccount.com","updateTime":"2021-08-31T03:20:30.185Z","versionId":"7","labels":{"deployment-tool":"cli-firebase"},"sourceUploadUrl":"https://storage.googleapis.com/gcf-upload-us-central1-0f3a4904-30f7-4660-9c13-b9e1d8d00539/bb3c14d3-8040-4145-b86a-3c6dad3ff1d2.zip?GoogleAccessId=service-306858802763@gcf-admin-robot.iam.gserviceaccount.com&Expires=1630385984&Signature=g2G1A%2FxCavoVHN8tdIUXeAtPqV93I%2FIBop8zCo1EdVBx1hH27ipzqeypSZtO8osqwNCMGrS075XkFk%2FlLehiqy%2BWBtq83O2AWM1nkZLM3NaRiNA0l1mt8ngvI%2Fuw6EdjjAmJD7Pm4Io3ZWtnE7OW77PlXiAGUeuBZJjxo%2BpC%2B8e%2B4RoJHfkf5uY8ZA5lyINa0LNj0ijFeV2igoBj3v9ReW3V5ieZAkXrmgGlM6cZjRFO5CsTn6pjT%2Fd9IysA38cAC42UMTablDhIiyQs4DgPOBrGawPk%2BsuJnkZ5NtDrXDV%2FLpSDDCPkJDvsxpXKX%2F%2BtmaC47F04tx2Yz%2BjX1GsC%2Bg%3D%3D","environmentVariables":{"FIREBASE_CONFIG":"{\"projectId\":\"jams-b177f\",\"databaseURL\":\"https://jams-b177f.firebaseio.com\",\"storageBucket\":\"jams-b177f.appspot.com\",\"locationId\":\"us-central\"}","GCLOUD_PROJECT":"jams-b177f"},"runtime":"nodejs10","ingressSettings":"ALLOW_ALL","buildId":"5800a1c8-08e7-4f8c-9d2f-263f8d95202e","buildName":"projects/306858802763/locations/us-central1/builds/5800a1c8-08e7-4f8c-9d2f-263f8d95202e"},"versionId":"8","updateTime":"2021-08-31T04:29:50Z","buildId":"c92319a2-529c-4497-8772-d898b0168813","buildName":"projects/306858802763/locations/us-central1/builds/c92319a2-529c-4497-8772-d898b0168813"}}
[debug] [2021-08-31T04:29:59.007Z] [update-projects/jams-b177f/locations/us-central1/functions/api] Retrying task index 0
[debug] [2021-08-31T04:29:59.008Z] >>> [apiv2][query] GET https://cloudfunctions.googleapis.com/v1/operations/amFtcy1iMTc3Zi91cy1jZW50cmFsMS9hcGkvQ2VtN21VRE1JZkU [none]
[debug] [2021-08-31T04:29:59.216Z] <<< [apiv2][status] GET https://cloudfunctions.googleapis.com/v1/operations/amFtcy1iMTc3Zi91cy1jZW50cmFsMS9hcGkvQ2VtN21VRE1JZkU 200
[debug] [2021-08-31T04:29:59.216Z] <<< [apiv2][body] GET https://cloudfunctions.googleapis.com/v1/operations/amFtcy1iMTc3Zi91cy1jZW50cmFsMS9hcGkvQ2VtN21VRE1JZkU {"name":"operations/amFtcy1iMTc3Zi91cy1jZW50cmFsMS9hcGkvQ2VtN21VRE1JZkU","metadata":{"@type":"type.googleapis.com/google.cloud.functions.v1.OperationMetadataV1","target":"projects/jams-b177f/locations/us-central1/functions/api","type":"UPDATE_FUNCTION","request":{"@type":"type.googleapis.com/google.cloud.functions.v1.CloudFunction","name":"projects/jams-b177f/locations/us-central1/functions/api","httpsTrigger":{"url":"https://us-central1-jams-b177f.cloudfunctions.net/api","securityLevel":"SECURE_OPTIONAL"},"status":"ACTIVE","entryPoint":"api","timeout":"60s","availableMemoryMb":256,"serviceAccountEmail":"jams-b177f@appspot.gserviceaccount.com","updateTime":"2021-08-31T03:20:30.185Z","versionId":"7","labels":{"deployment-tool":"cli-firebase"},"sourceUploadUrl":"https://storage.googleapis.com/gcf-upload-us-central1-0f3a4904-30f7-4660-9c13-b9e1d8d00539/bb3c14d3-8040-4145-b86a-3c6dad3ff1d2.zip?GoogleAccessId=service-306858802763@gcf-admin-robot.iam.gserviceaccount.com&Expires=1630385984&Signature=g2G1A%2FxCavoVHN8tdIUXeAtPqV93I%2FIBop8zCo1EdVBx1hH27ipzqeypSZtO8osqwNCMGrS075XkFk%2FlLehiqy%2BWBtq83O2AWM1nkZLM3NaRiNA0l1mt8ngvI%2Fuw6EdjjAmJD7Pm4Io3ZWtnE7OW77PlXiAGUeuBZJjxo%2BpC%2B8e%2B4RoJHfkf5uY8ZA5lyINa0LNj0ijFeV2igoBj3v9ReW3V5ieZAkXrmgGlM6cZjRFO5CsTn6pjT%2Fd9IysA38cAC42UMTablDhIiyQs4DgPOBrGawPk%2BsuJnkZ5NtDrXDV%2FLpSDDCPkJDvsxpXKX%2F%2BtmaC47F04tx2Yz%2BjX1GsC%2Bg%3D%3D","environmentVariables":{"FIREBASE_CONFIG":"{\"projectId\":\"jams-b177f\",\"databaseURL\":\"https://jams-b177f.firebaseio.com\",\"storageBucket\":\"jams-b177f.appspot.com\",\"locationId\":\"us-central\"}","GCLOUD_PROJECT":"jams-b177f"},"runtime":"nodejs10","ingressSettings":"ALLOW_ALL","buildId":"5800a1c8-08e7-4f8c-9d2f-263f8d95202e","buildName":"projects/306858802763/locations/us-central1/builds/5800a1c8-08e7-4f8c-9d2f-263f8d95202e"},"versionId":"8","updateTime":"2021-08-31T04:29:50Z","buildId":"c92319a2-529c-4497-8772-d898b0168813","buildName":"projects/306858802763/locations/us-central1/builds/c92319a2-529c-4497-8772-d898b0168813"}}
[debug] [2021-08-31T04:30:03.223Z] [update-projects/jams-b177f/locations/us-central1/functions/api] Retrying task index 0
[debug] [2021-08-31T04:30:03.224Z] >>> [apiv2][query] GET https://cloudfunctions.googleapis.com/v1/operations/amFtcy1iMTc3Zi91cy1jZW50cmFsMS9hcGkvQ2VtN21VRE1JZkU [none]
[debug] [2021-08-31T04:30:03.479Z] <<< [apiv2][status] GET https://cloudfunctions.googleapis.com/v1/operations/amFtcy1iMTc3Zi91cy1jZW50cmFsMS9hcGkvQ2VtN21VRE1JZkU 200
[debug] [2021-08-31T04:30:03.479Z] <<< [apiv2][body] GET https://cloudfunctions.googleapis.com/v1/operations/amFtcy1iMTc3Zi91cy1jZW50cmFsMS9hcGkvQ2VtN21VRE1JZkU {"name":"operations/amFtcy1iMTc3Zi91cy1jZW50cmFsMS9hcGkvQ2VtN21VRE1JZkU","metadata":{"@type":"type.googleapis.com/google.cloud.functions.v1.OperationMetadataV1","target":"projects/jams-b177f/locations/us-central1/functions/api","type":"UPDATE_FUNCTION","request":{"@type":"type.googleapis.com/google.cloud.functions.v1.CloudFunction","name":"projects/jams-b177f/locations/us-central1/functions/api","httpsTrigger":{"url":"https://us-central1-jams-b177f.cloudfunctions.net/api","securityLevel":"SECURE_OPTIONAL"},"status":"ACTIVE","entryPoint":"api","timeout":"60s","availableMemoryMb":256,"serviceAccountEmail":"jams-b177f@appspot.gserviceaccount.com","updateTime":"2021-08-31T03:20:30.185Z","versionId":"7","labels":{"deployment-tool":"cli-firebase"},"sourceUploadUrl":"https://storage.googleapis.com/gcf-upload-us-central1-0f3a4904-30f7-4660-9c13-b9e1d8d00539/bb3c14d3-8040-4145-b86a-3c6dad3ff1d2.zip?GoogleAccessId=service-306858802763@gcf-admin-robot.iam.gserviceaccount.com&Expires=1630385984&Signature=g2G1A%2FxCavoVHN8tdIUXeAtPqV93I%2FIBop8zCo1EdVBx1hH27ipzqeypSZtO8osqwNCMGrS075XkFk%2FlLehiqy%2BWBtq83O2AWM1nkZLM3NaRiNA0l1mt8ngvI%2Fuw6EdjjAmJD7Pm4Io3ZWtnE7OW77PlXiAGUeuBZJjxo%2BpC%2B8e%2B4RoJHfkf5uY8ZA5lyINa0LNj0ijFeV2igoBj3v9ReW3V5ieZAkXrmgGlM6cZjRFO5CsTn6pjT%2Fd9IysA38cAC42UMTablDhIiyQs4DgPOBrGawPk%2BsuJnkZ5NtDrXDV%2FLpSDDCPkJDvsxpXKX%2F%2BtmaC47F04tx2Yz%2BjX1GsC%2Bg%3D%3D","environmentVariables":{"FIREBASE_CONFIG":"{\"projectId\":\"jams-b177f\",\"databaseURL\":\"https://jams-b177f.firebaseio.com\",\"storageBucket\":\"jams-b177f.appspot.com\",\"locationId\":\"us-central\"}","GCLOUD_PROJECT":"jams-b177f"},"runtime":"nodejs10","ingressSettings":"ALLOW_ALL","buildId":"5800a1c8-08e7-4f8c-9d2f-263f8d95202e","buildName":"projects/306858802763/locations/us-central1/builds/5800a1c8-08e7-4f8c-9d2f-263f8d95202e"},"versionId":"8","updateTime":"2021-08-31T04:29:50Z","buildId":"c92319a2-529c-4497-8772-d898b0168813","buildName":"projects/306858802763/locations/us-central1/builds/c92319a2-529c-4497-8772-d898b0168813"}}
[debug] [2021-08-31T04:30:11.484Z] [update-projects/jams-b177f/locations/us-central1/functions/api] Retrying task index 0
[debug] [2021-08-31T04:30:11.484Z] >>> [apiv2][query] GET https://cloudfunctions.googleapis.com/v1/operations/amFtcy1iMTc3Zi91cy1jZW50cmFsMS9hcGkvQ2VtN21VRE1JZkU [none]
[debug] [2021-08-31T04:30:11.734Z] <<< [apiv2][status] GET https://cloudfunctions.googleapis.com/v1/operations/amFtcy1iMTc3Zi91cy1jZW50cmFsMS9hcGkvQ2VtN21VRE1JZkU 200
[debug] [2021-08-31T04:30:11.734Z] <<< [apiv2][body] GET https://cloudfunctions.googleapis.com/v1/operations/amFtcy1iMTc3Zi91cy1jZW50cmFsMS9hcGkvQ2VtN21VRE1JZkU {"name":"operations/amFtcy1iMTc3Zi91cy1jZW50cmFsMS9hcGkvQ2VtN21VRE1JZkU","metadata":{"@type":"type.googleapis.com/google.cloud.functions.v1.OperationMetadataV1","target":"projects/jams-b177f/locations/us-central1/functions/api","type":"UPDATE_FUNCTION","request":{"@type":"type.googleapis.com/google.cloud.functions.v1.CloudFunction","name":"projects/jams-b177f/locations/us-central1/functions/api","httpsTrigger":{"url":"https://us-central1-jams-b177f.cloudfunctions.net/api","securityLevel":"SECURE_OPTIONAL"},"status":"ACTIVE","entryPoint":"api","timeout":"60s","availableMemoryMb":256,"serviceAccountEmail":"jams-b177f@appspot.gserviceaccount.com","updateTime":"2021-08-31T03:20:30.185Z","versionId":"7","labels":{"deployment-tool":"cli-firebase"},"sourceUploadUrl":"https://storage.googleapis.com/gcf-upload-us-central1-0f3a4904-30f7-4660-9c13-b9e1d8d00539/bb3c14d3-8040-4145-b86a-3c6dad3ff1d2.zip?GoogleAccessId=service-306858802763@gcf-admin-robot.iam.gserviceaccount.com&Expires=1630385984&Signature=g2G1A%2FxCavoVHN8tdIUXeAtPqV93I%2FIBop8zCo1EdVBx1hH27ipzqeypSZtO8osqwNCMGrS075XkFk%2FlLehiqy%2BWBtq83O2AWM1nkZLM3NaRiNA0l1mt8ngvI%2Fuw6EdjjAmJD7Pm4Io3ZWtnE7OW77PlXiAGUeuBZJjxo%2BpC%2B8e%2B4RoJHfkf5uY8ZA5lyINa0LNj0ijFeV2igoBj3v9ReW3V5ieZAkXrmgGlM6cZjRFO5CsTn6pjT%2Fd9IysA38cAC42UMTablDhIiyQs4DgPOBrGawPk%2BsuJnkZ5NtDrXDV%2FLpSDDCPkJDvsxpXKX%2F%2BtmaC47F04tx2Yz%2BjX1GsC%2Bg%3D%3D","environmentVariables":{"FIREBASE_CONFIG":"{\"projectId\":\"jams-b177f\",\"databaseURL\":\"https://jams-b177f.firebaseio.com\",\"storageBucket\":\"jams-b177f.appspot.com\",\"locationId\":\"us-central\"}","GCLOUD_PROJECT":"jams-b177f"},"runtime":"nodejs10","ingressSettings":"ALLOW_ALL","buildId":"5800a1c8-08e7-4f8c-9d2f-263f8d95202e","buildName":"projects/306858802763/locations/us-central1/builds/5800a1c8-08e7-4f8c-9d2f-263f8d95202e"},"versionId":"8","updateTime":"2021-08-31T04:29:50Z","buildId":"c92319a2-529c-4497-8772-d898b0168813","buildName":"projects/306858802763/locations/us-central1/builds/c92319a2-529c-4497-8772-d898b0168813"}}
[debug] [2021-08-31T04:30:27.737Z] [update-projects/jams-b177f/locations/us-central1/functions/api] Retrying task index 0
[debug] [2021-08-31T04:30:27.737Z] >>> [apiv2][query] GET https://cloudfunctions.googleapis.com/v1/operations/amFtcy1iMTc3Zi91cy1jZW50cmFsMS9hcGkvQ2VtN21VRE1JZkU [none]
[debug] [2021-08-31T04:30:27.987Z] <<< [apiv2][status] GET https://cloudfunctions.googleapis.com/v1/operations/amFtcy1iMTc3Zi91cy1jZW50cmFsMS9hcGkvQ2VtN21VRE1JZkU 200
[debug] [2021-08-31T04:30:27.987Z] <<< [apiv2][body] GET https://cloudfunctions.googleapis.com/v1/operations/amFtcy1iMTc3Zi91cy1jZW50cmFsMS9hcGkvQ2VtN21VRE1JZkU {"name":"operations/amFtcy1iMTc3Zi91cy1jZW50cmFsMS9hcGkvQ2VtN21VRE1JZkU","metadata":{"@type":"type.googleapis.com/google.cloud.functions.v1.OperationMetadataV1","target":"projects/jams-b177f/locations/us-central1/functions/api","type":"UPDATE_FUNCTION","request":{"@type":"type.googleapis.com/google.cloud.functions.v1.CloudFunction","name":"projects/jams-b177f/locations/us-central1/functions/api","httpsTrigger":{"url":"https://us-central1-jams-b177f.cloudfunctions.net/api","securityLevel":"SECURE_OPTIONAL"},"status":"ACTIVE","entryPoint":"api","timeout":"60s","availableMemoryMb":256,"serviceAccountEmail":"jams-b177f@appspot.gserviceaccount.com","updateTime":"2021-08-31T03:20:30.185Z","versionId":"7","labels":{"deployment-tool":"cli-firebase"},"sourceUploadUrl":"https://storage.googleapis.com/gcf-upload-us-central1-0f3a4904-30f7-4660-9c13-b9e1d8d00539/bb3c14d3-8040-4145-b86a-3c6dad3ff1d2.zip?GoogleAccessId=service-306858802763@gcf-admin-robot.iam.gserviceaccount.com&Expires=1630385984&Signature=g2G1A%2FxCavoVHN8tdIUXeAtPqV93I%2FIBop8zCo1EdVBx1hH27ipzqeypSZtO8osqwNCMGrS075XkFk%2FlLehiqy%2BWBtq83O2AWM1nkZLM3NaRiNA0l1mt8ngvI%2Fuw6EdjjAmJD7Pm4Io3ZWtnE7OW77PlXiAGUeuBZJjxo%2BpC%2B8e%2B4RoJHfkf5uY8ZA5lyINa0LNj0ijFeV2igoBj3v9ReW3V5ieZAkXrmgGlM6cZjRFO5CsTn6pjT%2Fd9IysA38cAC42UMTablDhIiyQs4DgPOBrGawPk%2BsuJnkZ5NtDrXDV%2FLpSDDCPkJDvsxpXKX%2F%2BtmaC47F04tx2Yz%2BjX1GsC%2Bg%3D%3D","environmentVariables":{"FIREBASE_CONFIG":"{\"projectId\":\"jams-b177f\",\"databaseURL\":\"https://jams-b177f.firebaseio.com\",\"storageBucket\":\"jams-b177f.appspot.com\",\"locationId\":\"us-central\"}","GCLOUD_PROJECT":"jams-b177f"},"runtime":"nodejs10","ingressSettings":"ALLOW_ALL","buildId":"5800a1c8-08e7-4f8c-9d2f-263f8d95202e","buildName":"projects/306858802763/locations/us-central1/builds/5800a1c8-08e7-4f8c-9d2f-263f8d95202e"},"versionId":"8","updateTime":"2021-08-31T04:29:50Z","buildId":"c92319a2-529c-4497-8772-d898b0168813","buildName":"projects/306858802763/locations/us-central1/builds/c92319a2-529c-4497-8772-d898b0168813"}}
[debug] [2021-08-31T04:30:59.989Z] [update-projects/jams-b177f/locations/us-central1/functions/api] Retrying task index 0
[debug] [2021-08-31T04:30:59.990Z] >>> [apiv2][query] GET https://cloudfunctions.googleapis.com/v1/operations/amFtcy1iMTc3Zi91cy1jZW50cmFsMS9hcGkvQ2VtN21VRE1JZkU [none]
[debug] [2021-08-31T04:31:00.370Z] <<< [apiv2][status] GET https://cloudfunctions.googleapis.com/v1/operations/amFtcy1iMTc3Zi91cy1jZW50cmFsMS9hcGkvQ2VtN21VRE1JZkU 200
[debug] [2021-08-31T04:31:00.370Z] <<< [apiv2][body] GET https://cloudfunctions.googleapis.com/v1/operations/amFtcy1iMTc3Zi91cy1jZW50cmFsMS9hcGkvQ2VtN21VRE1JZkU {"name":"operations/amFtcy1iMTc3Zi91cy1jZW50cmFsMS9hcGkvQ2VtN21VRE1JZkU","metadata":{"@type":"type.googleapis.com/google.cloud.functions.v1.OperationMetadataV1","target":"projects/jams-b177f/locations/us-central1/functions/api","type":"UPDATE_FUNCTION","request":{"@type":"type.googleapis.com/google.cloud.functions.v1.CloudFunction","name":"projects/jams-b177f/locations/us-central1/functions/api","httpsTrigger":{"url":"https://us-central1-jams-b177f.cloudfunctions.net/api","securityLevel":"SECURE_OPTIONAL"},"status":"ACTIVE","entryPoint":"api","timeout":"60s","availableMemoryMb":256,"serviceAccountEmail":"jams-b177f@appspot.gserviceaccount.com","updateTime":"2021-08-31T03:20:30.185Z","versionId":"7","labels":{"deployment-tool":"cli-firebase"},"sourceUploadUrl":"https://storage.googleapis.com/gcf-upload-us-central1-0f3a4904-30f7-4660-9c13-b9e1d8d00539/bb3c14d3-8040-4145-b86a-3c6dad3ff1d2.zip?GoogleAccessId=service-306858802763@gcf-admin-robot.iam.gserviceaccount.com&Expires=1630385984&Signature=g2G1A%2FxCavoVHN8tdIUXeAtPqV93I%2FIBop8zCo1EdVBx1hH27ipzqeypSZtO8osqwNCMGrS075XkFk%2FlLehiqy%2BWBtq83O2AWM1nkZLM3NaRiNA0l1mt8ngvI%2Fuw6EdjjAmJD7Pm4Io3ZWtnE7OW77PlXiAGUeuBZJjxo%2BpC%2B8e%2B4RoJHfkf5uY8ZA5lyINa0LNj0ijFeV2igoBj3v9ReW3V5ieZAkXrmgGlM6cZjRFO5CsTn6pjT%2Fd9IysA38cAC42UMTablDhIiyQs4DgPOBrGawPk%2BsuJnkZ5NtDrXDV%2FLpSDDCPkJDvsxpXKX%2F%2BtmaC47F04tx2Yz%2BjX1GsC%2Bg%3D%3D","environmentVariables":{"FIREBASE_CONFIG":"{\"projectId\":\"jams-b177f\",\"databaseURL\":\"https://jams-b177f.firebaseio.com\",\"storageBucket\":\"jams-b177f.appspot.com\",\"locationId\":\"us-central\"}","GCLOUD_PROJECT":"jams-b177f"},"runtime":"nodejs10","ingressSettings":"ALLOW_ALL","buildId":"5800a1c8-08e7-4f8c-9d2f-263f8d95202e","buildName":"projects/306858802763/locations/us-central1/builds/5800a1c8-08e7-4f8c-9d2f-263f8d95202e"},"versionId":"8","updateTime":"2021-08-31T04:29:50Z","buildId":"c92319a2-529c-4497-8772-d898b0168813","sourceToken":"2fbf34c8-2770-4027-bbf1-e7e0c6845436","buildName":"projects/306858802763/locations/us-central1/builds/c92319a2-529c-4497-8772-d898b0168813"}}
[debug] [2021-08-31T04:31:00.370Z] Got sourceToken 2fbf34c8-2770-4027-bbf1-e7e0c6845436 for region us-central1
